TN:
SF:/usr/include/c++/11/bits/stl_iterator_base_funcs.h
FN:98,_ZSt10__distanceIPKiENSt15iterator_traitsIT_E15difference_typeES3_S3_St26random_access_iterator_tag
FNDA:6,_ZSt10__distanceIPKiENSt15iterator_traitsIT_E15difference_typeES3_S3_St26random_access_iterator_tag
FN:138,_ZSt8distanceIPKiENSt15iterator_traitsIT_E15difference_typeES3_S3_
FNDA:6,_ZSt8distanceIPKiENSt15iterator_traitsIT_E15difference_typeES3_S3_
DA:98,6
DA:104,6
DA:138,6
DA:141,6
DA:142,12
end_of_record
SF:/usr/include/c++/11/bits/cpp_type_traits.h
FN:560,_ZSt12__miter_baseIPKiET_S2_
FNDA:12,_ZSt12__miter_baseIPKiET_S2_
DA:560,12
DA:561,12
end_of_record
SF:/usr/include/c++/11/ext/new_allocator.h
FN:79,_ZN9__gnu_cxx13new_allocatorIiEC2Ev
FNDA:6,_ZN9__gnu_cxx13new_allocatorIiEC2Ev
FN:82,_ZN9__gnu_cxx13new_allocatorIiEC2ERKS1_
FNDA:12,_ZN9__gnu_cxx13new_allocatorIiEC2ERKS1_
FN:89,_ZN9__gnu_cxx13new_allocatorIiED2Ev
FNDA:18,_ZN9__gnu_cxx13new_allocatorIiED2Ev
FN:103,_ZN9__gnu_cxx13new_allocatorIiE8allocateEmPKv
FNDA:6,_ZN9__gnu_cxx13new_allocatorIiE8allocateEmPKv
FN:132,_ZN9__gnu_cxx13new_allocatorIiE10deallocateEPim
FNDA:6,_ZN9__gnu_cxx13new_allocatorIiE10deallocateEPim
FN:154,_ZNK9__gnu_cxx13new_allocatorIiE8max_sizeEv
FNDA:6,_ZNK9__gnu_cxx13new_allocatorIiE8max_sizeEv
FN:197,_ZNK9__gnu_cxx13new_allocatorIiE11_M_max_sizeEv
FNDA:12,_ZNK9__gnu_cxx13new_allocatorIiE11_M_max_sizeEv
DA:79,6
DA:82,12
DA:89,18
DA:103,6
DA:111,6
DA:115,0
DA:116,0
DA:117,0
DA:127,6
DA:132,6
DA:145,6
DA:154,6
DA:155,6
DA:197,12
DA:200,12
end_of_record
SF:/usr/include/c++/11/bits/stl_construct.h
FN:172,_ZNSt12_Destroy_auxILb1EE9__destroyIPiEEvT_S3_
FNDA:6,_ZNSt12_Destroy_auxILb1EE9__destroyIPiEEvT_S3_
FN:182,_ZSt8_DestroyIPiEvT_S1_
FNDA:6,_ZSt8_DestroyIPiEvT_S1_
DA:172,6
DA:182,6
DA:196,6
DA:197,6
end_of_record
SF:/usr/include/c++/11/bits/stl_uninitialized.h
FN:108,_ZNSt20__uninitialized_copyILb1EE13__uninit_copyIPKiPiEET0_T_S6_S5_
FNDA:6,_ZNSt20__uninitialized_copyILb1EE13__uninit_copyIPKiPiEET0_T_S6_S5_
FN:126,_ZSt18uninitialized_copyIPKiPiET0_T_S4_S3_
FNDA:6,_ZSt18uninitialized_copyIPKiPiET0_T_S4_S3_
FN:331,_ZSt22__uninitialized_copy_aIPKiPiiET0_T_S4_S3_RSaIT1_E
FNDA:6,_ZSt22__uninitialized_copy_aIPKiPiiET0_T_S4_S3_RSaIT1_E
DA:108,6
DA:110,6
DA:126,6
DA:145,6
DA:151,6
DA:331,6
DA:333,6
end_of_record
SF:/usr/include/c++/11/bits/stl_iterator.h
FN:1027,_ZN9__gnu_cxx17__normal_iteratorIPKiSt6vectorIiSaIiEEEC2ERKS2_
FNDA:18,_ZN9__gnu_cxx17__normal_iteratorIPKiSt6vectorIiSaIiEEEC2ERKS2_
FN:1042,_ZNK9__gnu_cxx17__normal_iteratorIPKiSt6vectorIiSaIiEEEdeEv
FNDA:28,_ZNK9__gnu_cxx17__normal_iteratorIPKiSt6vectorIiSaIiEEEdeEv
FN:1052,_ZN9__gnu_cxx17__normal_iteratorIPKiSt6vectorIiSaIiEEEppEv
FNDA:25,_ZN9__gnu_cxx17__normal_iteratorIPKiSt6vectorIiSaIiEEEppEv
FN:1105,_ZNK9__gnu_cxx17__normal_iteratorIPKiSt6vectorIiSaIiEEE4baseEv
FNDA:68,_ZNK9__gnu_cxx17__normal_iteratorIPKiSt6vectorIiSaIiEEE4baseEv
FN:1179,_ZN9__gnu_cxxneIPKiSt6vectorIiSaIiEEEEbRKNS_17__normal_iteratorIT_T0_EESB_
FNDA:34,_ZN9__gnu_cxxneIPKiSt6vectorIiSaIiEEEEbRKNS_17__normal_iteratorIT_T0_EESB_
DA:1027,18
DA:1028,18
DA:1042,28
DA:1043,28
DA:1052,25
DA:1054,25
DA:1055,25
DA:1105,68
DA:1106,68
DA:1179,34
DA:1182,34
end_of_record
SF:/usr/include/c++/11/bits/stl_algobase.h
FN:230,_ZSt3minImERKT_S2_S2_
FNDA:6,_ZSt3minImERKT_S2_S2_
FN:313,_ZSt12__niter_baseIPiET_S1_
FNDA:6,_ZSt12__niter_baseIPiET_S1_
FN:313,_ZSt12__niter_baseIPKiET_S2_
FNDA:12,_ZSt12__niter_baseIPKiET_S2_
FN:335,_ZSt12__niter_wrapIPiET_RKS1_S1_
FNDA:6,_ZSt12__niter_wrapIPiET_RKS1_S1_
FN:420,_ZNSt11__copy_moveILb0ELb1ESt26random_access_iterator_tagE8__copy_mIiEEPT_PKS3_S6_S4_
FNDA:6,_ZNSt11__copy_moveILb0ELb1ESt26random_access_iterator_tagE8__copy_mIiEEPT_PKS3_S6_S4_
FN:486,_ZSt14__copy_move_a2ILb0EPKiPiET1_T0_S4_S3_
FNDA:6,_ZSt14__copy_move_a2ILb0EPKiPiET1_T0_S4_S3_
FN:521,_ZSt14__copy_move_a1ILb0EPKiPiET1_T0_S4_S3_
FNDA:6,_ZSt14__copy_move_a1ILb0EPKiPiET1_T0_S4_S3_
FN:527,_ZSt13__copy_move_aILb0EPKiPiET1_T0_S4_S3_
FNDA:6,_ZSt13__copy_move_aILb0EPKiPiET1_T0_S4_S3_
FN:611,_ZSt4copyIPKiPiET0_T_S4_S3_
FNDA:6,_ZSt4copyIPKiPiET0_T_S4_S3_
DA:230,6
DA:235,6
DA:236,0
DA:237,6
DA:313,6
DA:315,6
DA:313,12
DA:315,12
DA:335,6
DA:336,6
DA:420,6
DA:429,6
DA:430,6
DA:431,6
DA:432,6
DA:486,6
DA:495,6
DA:521,6
DA:522,6
DA:527,6
DA:529,6
DA:532,6
DA:611,6
DA:620,6
end_of_record
SF:/usr/include/c++/11/iostream
end_of_record
SF:/usr/include/c++/11/bits/alloc_traits.h
FN:463,_ZNSt16allocator_traitsISaIiEE8allocateERS0_m
FNDA:6,_ZNSt16allocator_traitsISaIiEE8allocateERS0_m
FN:495,_ZNSt16allocator_traitsISaIiEE10deallocateERS0_Pim
FNDA:6,_ZNSt16allocator_traitsISaIiEE10deallocateERS0_Pim
FN:547,_ZNSt16allocator_traitsISaIiEE8max_sizeERKS0_
FNDA:6,_ZNSt16allocator_traitsISaIiEE8max_sizeERKS0_
FN:845,_ZSt8_DestroyIPiiEvT_S1_RSaIT0_E
FNDA:6,_ZSt8_DestroyIPiiEvT_S1_RSaIT0_E
DA:463,6
DA:464,6
DA:495,6
DA:496,6
DA:547,6
DA:550,6
DA:845,6
DA:848,6
DA:849,6
end_of_record
SF:/usr/include/c++/11/bits/stl_iterator_base_types.h
FN:238,_ZSt19__iterator_categoryIPKiENSt15iterator_traitsIT_E17iterator_categoryERKS3_
FNDA:6,_ZSt19__iterator_categoryIPKiENSt15iterator_traitsIT_E17iterator_categoryERKS3_
DA:238,6
DA:239,6
end_of_record
SF:/usr/include/c++/11/bits/allocator.h
FN:156,_ZNSaIiEC2Ev
FNDA:6,_ZNSaIiEC2Ev
FN:159,_ZNSaIiEC2ERKS_
FNDA:12,_ZNSaIiEC2ERKS_
FN:174,_ZNSaIiED2Ev
FNDA:18,_ZNSaIiED2Ev
DA:156,6
DA:159,12
DA:160,12
DA:174,18
end_of_record
SF:/home/sysprog/Downloads/assignment4/problem1/src/main.cpp
FN:9,_ZN9NumberOps12countNumbersERKSt6vectorIiSaIiEE
FNDA:1,_ZN9NumberOps12countNumbersERKSt6vectorIiSaIiEE
FN:21,_ZN9NumberOps14findFirstPrimeERKSt6vectorIiSaIiEE
FNDA:3,_ZN9NumberOps14findFirstPrimeERKSt6vectorIiSaIiEE
FN:31,_ZN9NumberOps16sumEvenNegativesERKSt6vectorIiSaIiEE
FNDA:2,_ZN9NumberOps16sumEvenNegativesERKSt6vectorIiSaIiEE
FN:43,_ZN9NumberOps7isPrimeEi
FNDA:6,_ZN9NumberOps7isPrimeEi
FN:51,main
FNDA:1,main
DA:9,1
DA:10,1
DA:11,6
DA:12,5
DA:13,3
DA:14,1
DA:16,1
DA:17,1
DA:18,1
DA:19,1
DA:21,3
DA:22,11
DA:23,9
DA:25,7
DA:26,6
DA:28,1
DA:31,2
DA:32,6
DA:33,5
DA:35,1
DA:36,4
DA:37,3
DA:39,1
DA:43,6
DA:44,6
DA:45,6
DA:46,6
DA:47,1
DA:51,1
DA:55,1
DA:56,1
DA:59,1
DA:60,1
DA:61,1
DA:62,1
DA:63,1
DA:64,1
DA:67,1
DA:68,1
DA:69,1
DA:70,1
DA:72,1
DA:73,1
end_of_record
SF:/usr/include/c++/11/initializer_list
FN:71,_ZNKSt16initializer_listIiE4sizeEv
FNDA:6,_ZNKSt16initializer_listIiE4sizeEv
FN:75,_ZNKSt16initializer_listIiE5beginEv
FNDA:12,_ZNKSt16initializer_listIiE5beginEv
FN:79,_ZNKSt16initializer_listIiE3endEv
FNDA:6,_ZNKSt16initializer_listIiE3endEv
DA:71,6
DA:75,12
DA:79,6
end_of_record
SF:/usr/include/c++/11/bits/stl_vector.h
FN:97,_ZNSt12_Vector_baseIiSaIiEE17_Vector_impl_dataC2Ev
FNDA:6,_ZNSt12_Vector_baseIiSaIiEE17_Vector_impl_dataC2Ev
FN:136,_ZNSt12_Vector_baseIiSaIiEE12_Vector_implC2ERKS0_
FNDA:6,_ZNSt12_Vector_baseIiSaIiEE12_Vector_implC2ERKS0_
FN:276,_ZNSt12_Vector_baseIiSaIiEE19_M_get_Tp_allocatorEv
FNDA:18,_ZNSt12_Vector_baseIiSaIiEE19_M_get_Tp_allocatorEv
FN:293,_ZNSt12_Vector_baseIiSaIiEEC2ERKS0_
FNDA:6,_ZNSt12_Vector_baseIiSaIiEEC2ERKS0_
FN:333,_ZNSt12_Vector_baseIiSaIiEED2Ev
FNDA:6,_ZNSt12_Vector_baseIiSaIiEED2Ev
FN:343,_ZNSt12_Vector_baseIiSaIiEE11_M_allocateEm
FNDA:6,_ZNSt12_Vector_baseIiSaIiEE11_M_allocateEm
FN:350,_ZNSt12_Vector_baseIiSaIiEE13_M_deallocateEPim
FNDA:6,_ZNSt12_Vector_baseIiSaIiEE13_M_deallocateEPim
FN:625,_ZNSt6vectorIiSaIiEEC2ESt16initializer_listIiERKS0_
FNDA:6,_ZNSt6vectorIiSaIiEEC2ESt16initializer_listIiERKS0_
FN:678,_ZNSt6vectorIiSaIiEED2Ev
FNDA:6,_ZNSt6vectorIiSaIiEED2Ev
FN:820,_ZNKSt6vectorIiSaIiEE5beginEv
FNDA:9,_ZNKSt6vectorIiSaIiEE5beginEv
FN:838,_ZNKSt6vectorIiSaIiEE3endEv
FNDA:9,_ZNKSt6vectorIiSaIiEE3endEv
FN:1577,_ZNSt6vectorIiSaIiEE19_M_range_initializeIPKiEEvT_S5_St20forward_iterator_tag
FNDA:6,_ZNSt6vectorIiSaIiEE19_M_range_initializeIPKiEEvT_S5_St20forward_iterator_tag
FN:1767,_ZNSt6vectorIiSaIiEE17_S_check_init_lenEmRKS0_
FNDA:6,_ZNSt6vectorIiSaIiEE17_S_check_init_lenEmRKS0_
FN:1776,_ZNSt6vectorIiSaIiEE11_S_max_sizeERKS0_
FNDA:6,_ZNSt6vectorIiSaIiEE11_S_max_sizeERKS0_
DA:97,6
DA:98,6
DA:99,6
DA:136,6
DA:137,6
DA:138,6
DA:276,18
DA:277,18
DA:293,6
DA:294,6
DA:333,6
DA:335,6
DA:336,6
DA:337,6
DA:343,6
DA:346,6
DA:350,6
DA:353,6
DA:354,6
DA:355,6
DA:625,6
DA:627,6
DA:629,6
DA:630,6
DA:631,6
DA:678,6
DA:680,6
DA:681,6
DA:683,6
DA:820,9
DA:821,9
DA:838,9
DA:839,9
DA:1577,6
DA:1580,6
DA:1582,6
DA:1583,6
DA:1584,6
DA:1585,6
DA:1587,6
DA:1588,6
DA:1767,6
DA:1769,6
DA:1770,0
DA:1772,6
DA:1776,6
DA:1781,6
DA:1783,6
DA:1784,6
end_of_record
